-------------------------------------------------------------------------------
Test set: edu.matc.persistence.UserDaoTest
-------------------------------------------------------------------------------
Tests run: 7, Failures: 0, Errors: 7, Skipped: 0, Time elapsed: 217.345 sec <<< FAILURE! - in edu.matc.persistence.UserDaoTest
deleteSuccess()  Time elapsed: 31.925 sec  <<< ERROR!
org.hibernate.service.spi.ServiceException: Unable to create requested service [org.hibernate.engine.jdbc.env.spi.JdbcEnvironment]
	at edu.matc.persistence.UserDaoTest.setUp(UserDaoTest.java:32)
Caused by: org.hibernate.HibernateException: Access to DialectResolutionInfo cannot be null when 'hibernate.dialect' not set
	at edu.matc.persistence.UserDaoTest.setUp(UserDaoTest.java:32)

insertWithUserRecipesSuccess()  Time elapsed: 31.185 sec  <<< ERROR!
org.hibernate.service.spi.ServiceException: Unable to create requested service [org.hibernate.engine.jdbc.env.spi.JdbcEnvironment]
	at edu.matc.persistence.UserDaoTest.setUp(UserDaoTest.java:32)
Caused by: org.hibernate.HibernateException: Access to DialectResolutionInfo cannot be null when 'hibernate.dialect' not set
	at edu.matc.persistence.UserDaoTest.setUp(UserDaoTest.java:32)

getAllSuccess()  Time elapsed: 30.837 sec  <<< ERROR!
org.hibernate.service.spi.ServiceException: Unable to create requested service [org.hibernate.engine.jdbc.env.spi.JdbcEnvironment]
	at edu.matc.persistence.UserDaoTest.setUp(UserDaoTest.java:32)
Caused by: org.hibernate.HibernateException: Access to DialectResolutionInfo cannot be null when 'hibernate.dialect' not set
	at edu.matc.persistence.UserDaoTest.setUp(UserDaoTest.java:32)

getByIdSuccess()  Time elapsed: 30.639 sec  <<< ERROR!
org.hibernate.service.spi.ServiceException: Unable to create requested service [org.hibernate.engine.jdbc.env.spi.JdbcEnvironment]
	at edu.matc.persistence.UserDaoTest.setUp(UserDaoTest.java:32)
Caused by: org.hibernate.HibernateException: Access to DialectResolutionInfo cannot be null when 'hibernate.dialect' not set
	at edu.matc.persistence.UserDaoTest.setUp(UserDaoTest.java:32)

saveOrUpdate()  Time elapsed: 30.589 sec  <<< ERROR!
org.hibernate.service.spi.ServiceException: Unable to create requested service [org.hibernate.engine.jdbc.env.spi.JdbcEnvironment]
	at edu.matc.persistence.UserDaoTest.setUp(UserDaoTest.java:32)
Caused by: org.hibernate.HibernateException: Access to DialectResolutionInfo cannot be null when 'hibernate.dialect' not set
	at edu.matc.persistence.UserDaoTest.setUp(UserDaoTest.java:32)

getUserByLastName()  Time elapsed: 30.674 sec  <<< ERROR!
org.hibernate.service.spi.ServiceException: Unable to create requested service [org.hibernate.engine.jdbc.env.spi.JdbcEnvironment]
	at edu.matc.persistence.UserDaoTest.setUp(UserDaoTest.java:32)
Caused by: org.hibernate.HibernateException: Access to DialectResolutionInfo cannot be null when 'hibernate.dialect' not set
	at edu.matc.persistence.UserDaoTest.setUp(UserDaoTest.java:32)

insertSuccess()  Time elapsed: 30.567 sec  <<< ERROR!
org.hibernate.service.spi.ServiceException: Unable to create requested service [org.hibernate.engine.jdbc.env.spi.JdbcEnvironment]
	at edu.matc.persistence.UserDaoTest.setUp(UserDaoTest.java:32)
Caused by: org.hibernate.HibernateException: Access to DialectResolutionInfo cannot be null when 'hibernate.dialect' not set
	at edu.matc.persistence.UserDaoTest.setUp(UserDaoTest.java:32)

